0 info it worked if it ends with ok
1 verbose cli [ '/home/bruce/.nvm/v0.10.38/bin/node',
1 verbose cli   '/home/bruce/.nvm/v0.10.38/bin/npm',
1 verbose cli   'run',
1 verbose cli   'build' ]
2 info using npm@1.4.28
3 info using node@v0.10.38
4 error Error: ENOENT, open '/home/bruce/Git/spaceship-warrior-ts/cordova/package.json'
5 error If you need help, you may report this *entire* log,
5 error including the npm and node versions, at:
5 error     <http://github.com/npm/npm/issues>
6 error System Linux 3.13.0-24-generic
7 error command "/home/bruce/.nvm/v0.10.38/bin/node" "/home/bruce/.nvm/v0.10.38/bin/npm" "run" "build"
8 error cwd /home/bruce/Git/spaceship-warrior-ts/cordova
9 error node -v v0.10.38
10 error npm -v 1.4.28
11 error path /home/bruce/Git/spaceship-warrior-ts/cordova/package.json
12 error code ENOENT
13 error errno 34
14 verbose exit [ 34, true ]
