0 info it worked if it ends with ok
1 verbose cli [ '/home/bruce/.nvm/v0.10.38/bin/node',
1 verbose cli   '/home/bruce/.nvm/v0.10.38/bin/npm',
1 verbose cli   'run',
1 verbose cli   'jsdoc' ]
2 info using npm@1.4.28
3 info using node@v0.10.38
4 verbose run-script [ 'prejsdoc', 'jsdoc', 'postjsdoc' ]
5 info prejsdoc spacewar@0.0.1
6 info jsdoc spacewar@0.0.1
7 verbose unsafe-perm in lifecycle true
8 info spacewar@0.0.1 Failed to exec jsdoc script
9 error spacewar@0.0.1 jsdoc: `jsdoc goog/lib -r --template ../jaguarjs-jsdoc --configure ./conf.json --readme ./readme.md --destination ./build/web`
9 error Exit status 1
10 error Failed at the spacewar@0.0.1 jsdoc script.
10 error This is most likely a problem with the spacewar package,
10 error not with npm itself.
10 error Tell the author that this fails on your system:
10 error     jsdoc goog/lib -r --template ../jaguarjs-jsdoc --configure ./conf.json --readme ./readme.md --destination ./build/web
10 error You can get their info via:
10 error     npm owner ls spacewar
10 error There is likely additional logging output above.
11 error System Linux 3.13.0-24-generic
12 error command "/home/bruce/.nvm/v0.10.38/bin/node" "/home/bruce/.nvm/v0.10.38/bin/npm" "run" "jsdoc"
13 error cwd /home/bruce/Git/spaceship-warrior-ts
14 error node -v v0.10.38
15 error npm -v 1.4.28
16 error code ELIFECYCLE
17 verbose exit [ 1, true ]
